2025-04-01T21:37:13.484+05:30  WARN 1524 --- [EmployeeManagement] [main] .s.s.UserDetailsServiceAutoConfiguration : 

Using generated security password: a774c6a1-6bfa-48a9-87ad-64c34372f231

This generated password is for development use only. Your security configuration must be updated before running your application in production.

2025-04-01T21:37:13.501+05:30  INFO 1524 --- [EmployeeManagement] [main] r$InitializeUserDetailsManagerConfigurer : Global AuthenticationManager configured with UserDetailsService bean with name inMemoryUserDetailsManager
2025-04-01T21:37:13.964+05:30  INFO 1524 --- [EmployeeManagement] [main] o.s.b.w.embedded.tomcat.TomcatWebServer  : Tomcat started on port 8080 (http) with context path '/'
2025-04-01T21:37:13.972+05:30  INFO 1524 --- [EmployeeManagement] [main] c.d.e.EmployeeManagementApplication      : Started EmployeeManagementApplication in 3.679 seconds (process running for 4.206)
2025-04-01T21:37:21.582+05:30  INFO 1524 --- [EmployeeManagement] [http-nio-8080-exec-2] o.a.c.c.C.[Tomcat].[localhost].[/]       : Initializing Spring DispatcherServlet 'dispatcherServlet'
2025-04-01T21:37:21.584+05:30  INFO 1524 --- [EmployeeManagement] [http-nio-8080-exec-2] o.s.web.servlet.DispatcherServlet        : Initializing Servlet 'dispatcherServlet'
2025-04-01T21:37:21.585+05:30  INFO 1524 --- [EmployeeManagement] [http-nio-8080-exec-2] o.s.web.servlet.DispatcherServlet        : Completed initialization in 1 ms
2025-04-01T21:48:27.306+05:30  INFO 1524 --- [EmployeeManagement] [RMI TCP Connection(16)-127.0.0.1] inMXBeanRegistrar$SpringApplicationAdmin : Application shutdown requested.
2025-04-01T21:48:27.309+05:30  INFO 1524 --- [EmployeeManagement] [RMI TCP Connection(16)-127.0.0.1] o.s.b.w.e.tomcat.GracefulShutdown        : Commencing graceful shutdown. Waiting for active requests to complete
2025-04-01T21:48:27.316+05:30  INFO 1524 --- [EmployeeManagement] [tomcat-shutdown] o.s.b.w.e.tomcat.GracefulShutdown        : Graceful shutdown complete
2025-04-01T21:48:27.320+05:30  INFO 1524 --- [EmployeeManagement] [RMI TCP Connection(16)-127.0.0.1] j.LocalContainerEntityManagerFactoryBean : Closing JPA EntityManagerFactory for persistence unit 'default'
2025-04-01T21:48:27.321+05:30  INFO 1524 --- [EmployeeManagement] [RMI TCP Connection(16)-127.0.0.1] com.zaxxer.hikari.HikariDataSource       : HikariPool-1 - Shutdown initiated...
2025-04-01T21:48:27.328+05:30  INFO 1524 --- [EmployeeManagement] [RMI TCP Connection(16)-127.0.0.1] com.zaxxer.hikari.HikariDataSource       : HikariPool-1 - Shutdown completed.
2025-04-01T21:48:30.158+05:30  INFO 8284 --- [EmployeeManagement] [main] c.d.e.EmployeeManagementApplication      : Starting EmployeeManagementApplication using Java 23.0.2 with PID 8284 (D:\Incture\Esclipse\EmployeeManagement\target\classes started by kittu in D:\Incture\Esclipse\EmployeeManagement)
2025-04-01T21:48:30.160+05:30  INFO 8284 --- [EmployeeManagement] [main] c.d.e.EmployeeManagementApplication      : No active profile set, falling back to 1 default profile: "default"
2025-04-01T21:48:30.726+05:30  INFO 8284 --- [EmployeeManagement] [main] .s.d.r.c.RepositoryConfigurationDelegate : Bootstrapping Spring Data JPA repositories in DEFAULT mode.
2025-04-01T21:48:30.781+05:30  INFO 8284 --- [EmployeeManagement] [main] .s.d.r.c.RepositoryConfigurationDelegate : Finished Spring Data repository scanning in 48 ms. Found 3 JPA repository interfaces.
2025-04-01T21:48:31.199+05:30  INFO 8284 --- [EmployeeManagement] [main] o.s.b.w.embedded.tomcat.TomcatWebServer  : Tomcat initialized with port 8080 (http)
2025-04-01T21:48:31.211+05:30  INFO 8284 --- [EmployeeManagement] [main] o.apache.catalina.core.StandardService   : Starting service [Tomcat]
2025-04-01T21:48:31.211+05:30  INFO 8284 --- [EmployeeManagement] [main] o.apache.catalina.core.StandardEngine    : Starting Servlet engine: [Apache Tomcat/10.1.39]
2025-04-01T21:48:31.253+05:30  INFO 8284 --- [EmployeeManagement] [main] o.a.c.c.C.[Tomcat].[localhost].[/]       : Initializing Spring embedded WebApplicationContext
2025-04-01T21:48:31.253+05:30  INFO 8284 --- [EmployeeManagement] [main] w.s.c.ServletWebServerApplicationContext : Root WebApplicationContext: initialization completed in 1030 ms
2025-04-01T21:48:31.378+05:30  INFO 8284 --- [EmployeeManagement] [main] o.hibernate.jpa.internal.util.LogHelper  : HHH000204: Processing PersistenceUnitInfo [name: default]
2025-04-01T21:48:31.421+05:30  INFO 8284 --- [EmployeeManagement] [main] org.hibernate.Version                    : HHH000412: Hibernate ORM core version 6.6.11.Final
2025-04-01T21:48:31.444+05:30  INFO 8284 --- [EmployeeManagement] [main] o.h.c.internal.RegionFactoryInitiator    : HHH000026: Second-level cache disabled
2025-04-01T21:48:31.658+05:30  INFO 8284 --- [EmployeeManagement] [main] o.s.o.j.p.SpringPersistenceUnitInfo      : No LoadTimeWeaver setup: ignoring JPA class transformer
2025-04-01T21:48:31.684+05:30  INFO 8284 --- [EmployeeManagement] [main] com.zaxxer.hikari.HikariDataSource       : HikariPool-1 - Starting...
2025-04-01T21:48:32.001+05:30  INFO 8284 --- [EmployeeManagement] [main] com.zaxxer.hikari.pool.HikariPool        : HikariPool-1 - Added connection com.mysql.cj.jdbc.ConnectionImpl@7bdb4f17
