2025-04-01T20:36:13.530+05:30  INFO 3040 --- [EmployeeManagement] [RMI TCP Connection(5)-127.0.0.1] com.zaxxer.hikari.HikariDataSource       : HikariPool-1 - Shutdown completed.
2025-04-01T20:36:38.552+05:30  INFO 15912 --- [EmployeeManagement] [main] c.d.e.EmployeeManagementApplicationTests : Starting EmployeeManagementApplicationTests using Java 23.0.2 with PID 15912 (started by kittu in D:\Incture\Esclipse\EmployeeManagement)
2025-04-01T20:36:38.557+05:30  INFO 15912 --- [EmployeeManagement] [main] c.d.e.EmployeeManagementApplicationTests : No active profile set, falling back to 1 default profile: "default"
2025-04-01T20:36:39.487+05:30  INFO 15912 --- [EmployeeManagement] [main] .s.d.r.c.RepositoryConfigurationDelegate : Bootstrapping Spring Data JPA repositories in DEFAULT mode.
2025-04-01T20:36:39.591+05:30  INFO 15912 --- [EmployeeManagement] [main] .s.d.r.c.RepositoryConfigurationDelegate : Finished Spring Data repository scanning in 87 ms. Found 3 JPA repository interfaces.
2025-04-01T20:36:40.081+05:30  INFO 15912 --- [EmployeeManagement] [main] o.hibernate.jpa.internal.util.LogHelper  : HHH000204: Processing PersistenceUnitInfo [name: default]
2025-04-01T20:36:40.150+05:30  INFO 15912 --- [EmployeeManagement] [main] org.hibernate.Version                    : HHH000412: Hibernate ORM core version 6.6.11.Final
2025-04-01T20:36:40.196+05:30  INFO 15912 --- [EmployeeManagement] [main] o.h.c.internal.RegionFactoryInitiator    : HHH000026: Second-level cache disabled
2025-04-01T20:36:40.534+05:30  INFO 15912 --- [EmployeeManagement] [main] o.s.o.j.p.SpringPersistenceUnitInfo      : No LoadTimeWeaver setup: ignoring JPA class transformer
2025-04-01T20:36:40.568+05:30  INFO 15912 --- [EmployeeManagement] [main] com.zaxxer.hikari.HikariDataSource       : HikariPool-1 - Starting...
2025-04-01T20:36:40.959+05:30  INFO 15912 --- [EmployeeManagement] [main] com.zaxxer.hikari.pool.HikariPool        : HikariPool-1 - Added connection com.mysql.cj.jdbc.ConnectionImpl@47f0f414
2025-04-01T20:36:40.963+05:30  INFO 15912 --- [EmployeeManagement] [main] com.zaxxer.hikari.HikariDataSource       : HikariPool-1 - Start completed.
2025-04-01T20:36:41.026+05:30  WARN 15912 --- [EmployeeManagement] [main] org.hibernate.orm.deprecation            : HHH90000025: MySQLDialect does not need to be specified explicitly using 'hibernate.dialect' (remove the property setting and it will be selected by default)
2025-04-01T20:36:41.051+05:30  INFO 15912 --- [EmployeeManagement] [main] org.hibernate.orm.connections.pooling    : HHH10001005: Database info:
	Database JDBC URL [Connecting through datasource 'HikariDataSource (HikariPool-1)']
	Database driver: undefined/unknown
	Database version: 8.0.41
	Autocommit mode: undefined/unknown
	Isolation level: undefined/unknown
	Minimum pool size: undefined/unknown
	Maximum pool size: undefined/unknown
2025-04-01T20:36:41.878+05:30  INFO 15912 --- [EmployeeManagement] [main] o.h.e.t.j.p.i.JtaPlatformInitiator       : HHH000489: No JTA platform available (set 'hibernate.transaction.jta.platform' to enable JTA platform integration)
2025-04-01T20:36:41.955+05:30  INFO 15912 --- [EmployeeManagement] [main] j.LocalContainerEntityManagerFactoryBean : Initialized JPA EntityManagerFactory for persistence unit 'default'
2025-04-01T20:36:42.350+05:30  WARN 15912 --- [EmployeeManagement] [main] JpaBaseConfiguration$JpaWebConfiguration : spring.jpa.open-in-view is enabled by default. Therefore, database queries may be performed during view rendering. Explicitly configure spring.jpa.open-in-view to disable this warning
2025-04-01T20:36:42.860+05:30  WARN 15912 --- [EmployeeManagement] [main] .s.s.UserDetailsServiceAutoConfiguration : 

Using generated security password: 27de4c73-5f53-4685-9998-ec7fdf2107b1

This generated password is for development use only. Your security configuration must be updated before running your application in production.

2025-04-01T20:36:42.875+05:30  INFO 15912 --- [EmployeeManagement] [main] r$InitializeUserDetailsManagerConfigurer : Global AuthenticationManager configured with UserDetailsService bean with name inMemoryUserDetailsManager
2025-04-01T20:36:43.057+05:30  INFO 15912 --- [EmployeeManagement] [main] c.d.e.EmployeeManagementApplicationTests : Started EmployeeManagementApplicationTests in 4.864 seconds (process running for 6.05)
2025-04-01T20:36:43.597+05:30  INFO 15912 --- [EmployeeManagement] [SpringApplicationShutdownHook] j.LocalContainerEntityManagerFactoryBean : Closing JPA EntityManagerFactory for persistence unit 'default'
2025-04-01T20:36:43.599+05:30  INFO 15912 --- [EmployeeManagement] [SpringApplicationShutdownHook] com.zaxxer.hikari.HikariDataSource       : HikariPool-1 - Shutdown initiated...
2025-04-01T20:36:43.608+05:30  INFO 15912 --- [EmployeeManagement] [SpringApplicationShutdownHook] com.zaxxer.hikari.HikariDataSource       : HikariPool-1 - Shutdown completed.
2025-04-01T20:37:12.859+05:30  INFO 23492 --- [EmployeeManagement] [main] c.d.e.EmployeeManagementApplication      : Starting EmployeeManagementApplication using Java 23.0.2 with PID 23492 (D:\Incture\Esclipse\EmployeeManagement\target\classes started by kittu in D:\Incture\Esclipse\EmployeeManagement)
