2025-04-02T16:08:05.609+05:30  INFO 12996 --- [EmployeeManagement] [main] o.a.c.c.C.[Tomcat].[localhost].[/]       : Initializing Spring embedded WebApplicationContext
2025-04-02T16:08:05.611+05:30  INFO 12996 --- [EmployeeManagement] [main] w.s.c.ServletWebServerApplicationContext : Root WebApplicationContext: initialization completed in 1013 ms
2025-04-02T16:08:05.736+05:30  INFO 12996 --- [EmployeeManagement] [main] o.hibernate.jpa.internal.util.LogHelper  : HHH000204: Processing PersistenceUnitInfo [name: default]
2025-04-02T16:08:05.771+05:30  INFO 12996 --- [EmployeeManagement] [main] org.hibernate.Version                    : HHH000412: Hibernate ORM core version 6.6.11.Final
2025-04-02T16:08:05.792+05:30  INFO 12996 --- [EmployeeManagement] [main] o.h.c.internal.RegionFactoryInitiator    : HHH000026: Second-level cache disabled
2025-04-02T16:08:05.996+05:30  INFO 12996 --- [EmployeeManagement] [main] o.s.o.j.p.SpringPersistenceUnitInfo      : No LoadTimeWeaver setup: ignoring JPA class transformer
2025-04-02T16:08:06.017+05:30  INFO 12996 --- [EmployeeManagement] [main] com.zaxxer.hikari.HikariDataSource       : HikariPool-1 - Starting...
2025-04-02T16:08:06.322+05:30  INFO 12996 --- [EmployeeManagement] [main] com.zaxxer.hikari.pool.HikariPool        : HikariPool-1 - Added connection com.mysql.cj.jdbc.ConnectionImpl@1f48fa72
2025-04-02T16:08:06.324+05:30  INFO 12996 --- [EmployeeManagement] [main] com.zaxxer.hikari.HikariDataSource       : HikariPool-1 - Start completed.
2025-04-02T16:08:06.366+05:30  WARN 12996 --- [EmployeeManagement] [main] org.hibernate.orm.deprecation            : HHH90000025: MySQLDialect does not need to be specified explicitly using 'hibernate.dialect' (remove the property setting and it will be selected by default)
2025-04-02T16:08:06.382+05:30  INFO 12996 --- [EmployeeManagement] [main] org.hibernate.orm.connections.pooling    : HHH10001005: Database info:
	Database JDBC URL [Connecting through datasource 'HikariDataSource (HikariPool-1)']
	Database driver: undefined/unknown
	Database version: 8.0.41
	Autocommit mode: undefined/unknown
	Isolation level: undefined/unknown
	Minimum pool size: undefined/unknown
	Maximum pool size: undefined/unknown
2025-04-02T16:08:07.012+05:30  INFO 12996 --- [EmployeeManagement] [main] o.h.e.t.j.p.i.JtaPlatformInitiator       : HHH000489: No JTA platform available (set 'hibernate.transaction.jta.platform' to enable JTA platform integration)
2025-04-02T16:08:07.067+05:30  INFO 12996 --- [EmployeeManagement] [main] j.LocalContainerEntityManagerFactoryBean : Initialized JPA EntityManagerFactory for persistence unit 'default'
2025-04-02T16:08:07.322+05:30  WARN 12996 --- [EmployeeManagement] [main] JpaBaseConfiguration$JpaWebConfiguration : spring.jpa.open-in-view is enabled by default. Therefore, database queries may be performed during view rendering. Explicitly configure spring.jpa.open-in-view to disable this warning
2025-04-02T16:08:07.348+05:30  INFO 12996 --- [EmployeeManagement] [main] r$InitializeUserDetailsManagerConfigurer : Global AuthenticationManager configured with UserDetailsService bean with name userDetailServiceImplementation
2025-04-02T16:08:07.731+05:30  INFO 12996 --- [EmployeeManagement] [main] o.s.b.w.embedded.tomcat.TomcatWebServer  : Tomcat started on port 8080 (http) with context path '/'
2025-04-02T16:08:07.737+05:30  INFO 12996 --- [EmployeeManagement] [main] c.d.e.EmployeeManagementApplication      : Started EmployeeManagementApplication in 3.526 seconds (process running for 4.045)
2025-04-02T16:08:18.297+05:30  INFO 12996 --- [EmployeeManagement] [http-nio-8080-exec-1] o.a.c.c.C.[Tomcat].[localhost].[/]       : Initializing Spring DispatcherServlet 'dispatcherServlet'
2025-04-02T16:08:18.298+05:30  INFO 12996 --- [EmployeeManagement] [http-nio-8080-exec-1] o.s.web.servlet.DispatcherServlet        : Initializing Servlet 'dispatcherServlet'
2025-04-02T16:08:18.300+05:30  INFO 12996 --- [EmployeeManagement] [http-nio-8080-exec-1] o.s.web.servlet.DispatcherServlet        : Completed initialization in 2 ms
2025-04-02T16:09:30.778+05:30  INFO 12996 --- [EmployeeManagement] [RMI TCP Connection(4)-127.0.0.1] inMXBeanRegistrar$SpringApplicationAdmin : Application shutdown requested.
2025-04-02T16:09:30.782+05:30  INFO 12996 --- [EmployeeManagement] [RMI TCP Connection(4)-127.0.0.1] o.s.b.w.e.tomcat.GracefulShutdown        : Commencing graceful shutdown. Waiting for active requests to complete
2025-04-02T16:09:30.794+05:30  INFO 12996 --- [EmployeeManagement] [tomcat-shutdown] o.s.b.w.e.tomcat.GracefulShutdown        : Graceful shutdown complete
2025-04-02T16:09:30.797+05:30  INFO 12996 --- [EmployeeManagement] [RMI TCP Connection(4)-127.0.0.1] j.LocalContainerEntityManagerFactoryBean : Closing JPA EntityManagerFactory for persistence unit 'default'
2025-04-02T16:09:30.799+05:30  INFO 12996 --- [EmployeeManagement] [RMI TCP Connection(4)-127.0.0.1] com.zaxxer.hikari.HikariDataSource       : HikariPool-1 - Shutdown initiated...
2025-04-02T16:09:30.807+05:30  INFO 12996 --- [EmployeeManagement] [RMI TCP Connection(4)-127.0.0.1] com.zaxxer.hikari.HikariDataSource       : HikariPool-1 - Shutdown completed.
