2025-04-01T20:23:19.029+05:30  INFO 20524 --- [EmployeeManagement] [main] com.zaxxer.hikari.HikariDataSource       : HikariPool-1 - Start completed.
2025-04-01T20:23:19.075+05:30  WARN 20524 --- [EmployeeManagement] [main] org.hibernate.orm.deprecation            : HHH90000025: MySQLDialect does not need to be specified explicitly using 'hibernate.dialect' (remove the property setting and it will be selected by default)
2025-04-01T20:23:19.089+05:30  INFO 20524 --- [EmployeeManagement] [main] org.hibernate.orm.connections.pooling    : HHH10001005: Database info:
	Database JDBC URL [Connecting through datasource 'HikariDataSource (HikariPool-1)']
	Database driver: undefined/unknown
	Database version: 8.0.41
	Autocommit mode: undefined/unknown
	Isolation level: undefined/unknown
	Minimum pool size: undefined/unknown
	Maximum pool size: undefined/unknown
2025-04-01T20:23:19.754+05:30  INFO 20524 --- [EmployeeManagement] [main] o.h.e.t.j.p.i.JtaPlatformInitiator       : HHH000489: No JTA platform available (set 'hibernate.transaction.jta.platform' to enable JTA platform integration)
2025-04-01T20:23:20.044+05:30  INFO 20524 --- [EmployeeManagement] [main] j.LocalContainerEntityManagerFactoryBean : Initialized JPA EntityManagerFactory for persistence unit 'default'
2025-04-01T20:23:20.079+05:30  WARN 20524 --- [EmployeeManagement] [main] JpaBaseConfiguration$JpaWebConfiguration : spring.jpa.open-in-view is enabled by default. Therefore, database queries may be performed during view rendering. Explicitly configure spring.jpa.open-in-view to disable this warning
2025-04-01T20:23:20.578+05:30  WARN 20524 --- [EmployeeManagement] [main] .s.s.UserDetailsServiceAutoConfiguration : 

Using generated security password: b54007b9-0c3d-4592-9ebf-97885896db56

This generated password is for development use only. Your security configuration must be updated before running your application in production.

2025-04-01T20:23:20.589+05:30  INFO 20524 --- [EmployeeManagement] [main] r$InitializeUserDetailsManagerConfigurer : Global AuthenticationManager configured with UserDetailsService bean with name inMemoryUserDetailsManager
2025-04-01T20:23:20.725+05:30  INFO 20524 --- [EmployeeManagement] [main] o.s.b.w.embedded.tomcat.TomcatWebServer  : Tomcat started on port 8080 (http) with context path '/'
2025-04-01T20:23:20.732+05:30  INFO 20524 --- [EmployeeManagement] [main] c.d.e.EmployeeManagementApplication      : Started EmployeeManagementApplication in 3.777 seconds (process running for 4.326)
2025-04-01T20:34:36.221+05:30  INFO 20524 --- [EmployeeManagement] [RMI TCP Connection(15)-127.0.0.1] inMXBeanRegistrar$SpringApplicationAdmin : Application shutdown requested.
2025-04-01T20:34:36.224+05:30  INFO 20524 --- [EmployeeManagement] [RMI TCP Connection(15)-127.0.0.1] o.s.b.w.e.tomcat.GracefulShutdown        : Commencing graceful shutdown. Waiting for active requests to complete
2025-04-01T20:34:36.233+05:30  INFO 20524 --- [EmployeeManagement] [tomcat-shutdown] o.s.b.w.e.tomcat.GracefulShutdown        : Graceful shutdown complete
2025-04-01T20:34:36.237+05:30  INFO 20524 --- [EmployeeManagement] [RMI TCP Connection(15)-127.0.0.1] j.LocalContainerEntityManagerFactoryBean : Closing JPA EntityManagerFactory for persistence unit 'default'
2025-04-01T20:34:36.239+05:30  INFO 20524 --- [EmployeeManagement] [RMI TCP Connection(15)-127.0.0.1] com.zaxxer.hikari.HikariDataSource       : HikariPool-1 - Shutdown initiated...
2025-04-01T20:34:36.246+05:30  INFO 20524 --- [EmployeeManagement] [RMI TCP Connection(15)-127.0.0.1] com.zaxxer.hikari.HikariDataSource       : HikariPool-1 - Shutdown completed.
2025-04-01T20:34:48.686+05:30  INFO 3040 --- [EmployeeManagement] [main] c.d.e.EmployeeManagementApplication      : Starting EmployeeManagementApplication using Java 23.0.2 with PID 3040 (D:\Incture\Esclipse\EmployeeManagement\target\classes started by kittu in D:\Incture\Esclipse\EmployeeManagement)
2025-04-01T20:34:48.689+05:30  INFO 3040 --- [EmployeeManagement] [main] c.d.e.EmployeeManagementApplication      : No active profile set, falling back to 1 default profile: "default"
2025-04-01T20:34:49.227+05:30  INFO 3040 --- [EmployeeManagement] [main] .s.d.r.c.RepositoryConfigurationDelegate : Bootstrapping Spring Data JPA repositories in DEFAULT mode.
2025-04-01T20:34:49.278+05:30  INFO 3040 --- [EmployeeManagement] [main] .s.d.r.c.RepositoryConfigurationDelegate : Finished Spring Data repository scanning in 43 ms. Found 3 JPA repository interfaces.
2025-04-01T20:34:49.635+05:30  INFO 3040 --- [EmployeeManagement] [main] o.s.b.w.embedded.tomcat.TomcatWebServer  : Tomcat initialized with port 8080 (http)
2025-04-01T20:34:49.646+05:30  INFO 3040 --- [EmployeeManagement] [main] o.apache.catalina.core.StandardService   : Starting service [Tomcat]
2025-04-01T20:34:49.646+05:30  INFO 3040 --- [EmployeeManagement] [main] o.apache.catalina.core.StandardEngine    : Starting Servlet engine: [Apache Tomcat/10.1.39]
2025-04-01T20:34:49.697+05:30  INFO 3040 --- [EmployeeManagement] [main] o.a.c.c.C.[Tomcat].[localhost].[/]       : Initializing Spring embedded WebApplicationContext
