2025-04-01T22:34:50.212+05:30  INFO 17640 --- [EmployeeManagement] [http-nio-8080-exec-3] o.s.web.servlet.DispatcherServlet        : Completed initialization in 2 ms
2025-04-01T22:36:16.946+05:30  INFO 17640 --- [EmployeeManagement] [RMI TCP Connection(5)-127.0.0.1] inMXBeanRegistrar$SpringApplicationAdmin : Application shutdown requested.
2025-04-01T22:36:16.949+05:30  INFO 17640 --- [EmployeeManagement] [RMI TCP Connection(5)-127.0.0.1] o.s.b.w.e.tomcat.GracefulShutdown        : Commencing graceful shutdown. Waiting for active requests to complete
2025-04-01T22:36:16.955+05:30  INFO 17640 --- [EmployeeManagement] [tomcat-shutdown] o.s.b.w.e.tomcat.GracefulShutdown        : Graceful shutdown complete
2025-04-01T22:36:16.958+05:30  INFO 17640 --- [EmployeeManagement] [RMI TCP Connection(5)-127.0.0.1] j.LocalContainerEntityManagerFactoryBean : Closing JPA EntityManagerFactory for persistence unit 'default'
2025-04-01T22:36:16.960+05:30  INFO 17640 --- [EmployeeManagement] [RMI TCP Connection(5)-127.0.0.1] com.zaxxer.hikari.HikariDataSource       : HikariPool-1 - Shutdown initiated...
2025-04-01T22:36:16.966+05:30  INFO 17640 --- [EmployeeManagement] [RMI TCP Connection(5)-127.0.0.1] com.zaxxer.hikari.HikariDataSource       : HikariPool-1 - Shutdown completed.
2025-04-01T22:36:19.795+05:30  INFO 15808 --- [EmployeeManagement] [main] c.d.e.EmployeeManagementApplication      : Starting EmployeeManagementApplication using Java 23.0.2 with PID 15808 (D:\Incture\Esclipse\EmployeeManagement\target\classes started by kittu in D:\Incture\Esclipse\EmployeeManagement)
2025-04-01T22:36:19.800+05:30  INFO 15808 --- [EmployeeManagement] [main] c.d.e.EmployeeManagementApplication      : No active profile set, falling back to 1 default profile: "default"
2025-04-01T22:36:20.374+05:30  INFO 15808 --- [EmployeeManagement] [main] .s.d.r.c.RepositoryConfigurationDelegate : Bootstrapping Spring Data JPA repositories in DEFAULT mode.
2025-04-01T22:36:20.427+05:30  INFO 15808 --- [EmployeeManagement] [main] .s.d.r.c.RepositoryConfigurationDelegate : Finished Spring Data repository scanning in 46 ms. Found 3 JPA repository interfaces.
2025-04-01T22:36:20.874+05:30  INFO 15808 --- [EmployeeManagement] [main] o.s.b.w.embedded.tomcat.TomcatWebServer  : Tomcat initialized with port 8080 (http)
2025-04-01T22:36:20.888+05:30  INFO 15808 --- [EmployeeManagement] [main] o.apache.catalina.core.StandardService   : Starting service [Tomcat]
2025-04-01T22:36:20.888+05:30  INFO 15808 --- [EmployeeManagement] [main] o.apache.catalina.core.StandardEngine    : Starting Servlet engine: [Apache Tomcat/10.1.39]
2025-04-01T22:36:20.931+05:30  INFO 15808 --- [EmployeeManagement] [main] o.a.c.c.C.[Tomcat].[localhost].[/]       : Initializing Spring embedded WebApplicationContext
2025-04-01T22:36:20.932+05:30  INFO 15808 --- [EmployeeManagement] [main] w.s.c.ServletWebServerApplicationContext : Root WebApplicationContext: initialization completed in 1078 ms
2025-04-01T22:36:21.069+05:30  INFO 15808 --- [EmployeeManagement] [main] o.hibernate.jpa.internal.util.LogHelper  : HHH000204: Processing PersistenceUnitInfo [name: default]
2025-04-01T22:36:21.115+05:30  INFO 15808 --- [EmployeeManagement] [main] org.hibernate.Version                    : HHH000412: Hibernate ORM core version 6.6.11.Final
2025-04-01T22:36:21.139+05:30  INFO 15808 --- [EmployeeManagement] [main] o.h.c.internal.RegionFactoryInitiator    : HHH000026: Second-level cache disabled
2025-04-01T22:36:21.331+05:30  INFO 15808 --- [EmployeeManagement] [main] o.s.o.j.p.SpringPersistenceUnitInfo      : No LoadTimeWeaver setup: ignoring JPA class transformer
2025-04-01T22:36:21.352+05:30  INFO 15808 --- [EmployeeManagement] [main] com.zaxxer.hikari.HikariDataSource       : HikariPool-1 - Starting...
2025-04-01T22:36:21.667+05:30  INFO 15808 --- [EmployeeManagement] [main] com.zaxxer.hikari.pool.HikariPool        : HikariPool-1 - Added connection com.mysql.cj.jdbc.ConnectionImpl@6b030101
2025-04-01T22:36:21.668+05:30  INFO 15808 --- [EmployeeManagement] [main] com.zaxxer.hikari.HikariDataSource       : HikariPool-1 - Start completed.
2025-04-01T22:36:21.714+05:30  WARN 15808 --- [EmployeeManagement] [main] org.hibernate.orm.deprecation            : HHH90000025: MySQLDialect does not need to be specified explicitly using 'hibernate.dialect' (remove the property setting and it will be selected by default)
2025-04-01T22:36:21.730+05:30  INFO 15808 --- [EmployeeManagement] [main] org.hibernate.orm.connections.pooling    : HHH10001005: Database info:
	Database JDBC URL [Connecting through datasource 'HikariDataSource (HikariPool-1)']
	Database driver: undefined/unknown
	Database version: 8.0.41
	Autocommit mode: undefined/unknown
	Isolation level: undefined/unknown
	Minimum pool size: undefined/unknown
	Maximum pool size: undefined/unknown
2025-04-01T22:36:22.406+05:30  INFO 15808 --- [EmployeeManagement] [main] o.h.e.t.j.p.i.JtaPlatformInitiator       : HHH000489: No JTA platform available (set 'hibernate.transaction.jta.platform' to enable JTA platform integration)
2025-04-01T22:36:22.467+05:30  INFO 15808 --- [EmployeeManagement] [main] j.LocalContainerEntityManagerFactoryBean : Initialized JPA EntityManagerFactory for persistence unit 'default'
