2025-04-01T20:38:20.486+05:30  INFO 21760 --- [EmployeeManagement] [main] r$InitializeUserDetailsManagerConfigurer : Global AuthenticationManager configured with UserDetailsService bean with name inMemoryUserDetailsManager
2025-04-01T20:38:20.635+05:30  INFO 21760 --- [EmployeeManagement] [main] o.s.b.w.embedded.tomcat.TomcatWebServer  : Tomcat started on port 8080 (http) with context path '/'
2025-04-01T20:38:20.643+05:30  INFO 21760 --- [EmployeeManagement] [main] c.d.e.EmployeeManagementApplication      : Started EmployeeManagementApplication in 4.039 seconds (process running for 4.568)
2025-04-01T20:38:49.012+05:30  INFO 21760 --- [EmployeeManagement] [http-nio-8080-exec-1] o.a.c.c.C.[Tomcat].[localhost].[/]       : Initializing Spring DispatcherServlet 'dispatcherServlet'
2025-04-01T20:38:49.013+05:30  INFO 21760 --- [EmployeeManagement] [http-nio-8080-exec-1] o.s.web.servlet.DispatcherServlet        : Initializing Servlet 'dispatcherServlet'
2025-04-01T20:38:49.016+05:30  INFO 21760 --- [EmployeeManagement] [http-nio-8080-exec-1] o.s.web.servlet.DispatcherServlet        : Completed initialization in 3 ms
2025-04-01T20:39:41.244+05:30  WARN 21760 --- [EmployeeManagement] [http-nio-8080-exec-3] .w.s.m.s.DefaultHandlerExceptionResolver : Ignoring exception, response committed already: org.springframework.http.converter.HttpMessageNotWritableException: Could not write JSON: Document nesting depth (1001) exceeds the maximum allowed (1000, from `StreamWriteConstraints.getMaxNestingDepth()`)
2025-04-01T20:39:41.244+05:30  WARN 21760 --- [EmployeeManagement] [http-nio-8080-exec-3] .w.s.m.s.DefaultHandlerExceptionResolver : Resolved [org.springframework.http.converter.HttpMessageNotWritableException: Could not write JSON: Document nesting depth (1001) exceeds the maximum allowed (1000, from `StreamWriteConstraints.getMaxNestingDepth()`)]
2025-04-01T20:41:44.180+05:30  INFO 21760 --- [EmployeeManagement] [RMI TCP Connection(5)-127.0.0.1] inMXBeanRegistrar$SpringApplicationAdmin : Application shutdown requested.
2025-04-01T20:41:44.182+05:30  INFO 21760 --- [EmployeeManagement] [RMI TCP Connection(5)-127.0.0.1] o.s.b.w.e.tomcat.GracefulShutdown        : Commencing graceful shutdown. Waiting for active requests to complete
2025-04-01T20:41:44.188+05:30  INFO 21760 --- [EmployeeManagement] [tomcat-shutdown] o.s.b.w.e.tomcat.GracefulShutdown        : Graceful shutdown complete
2025-04-01T20:41:44.192+05:30  INFO 21760 --- [EmployeeManagement] [RMI TCP Connection(5)-127.0.0.1] j.LocalContainerEntityManagerFactoryBean : Closing JPA EntityManagerFactory for persistence unit 'default'
2025-04-01T20:41:44.194+05:30  INFO 21760 --- [EmployeeManagement] [RMI TCP Connection(5)-127.0.0.1] com.zaxxer.hikari.HikariDataSource       : HikariPool-1 - Shutdown initiated...
2025-04-01T20:41:44.201+05:30  INFO 21760 --- [EmployeeManagement] [RMI TCP Connection(5)-127.0.0.1] com.zaxxer.hikari.HikariDataSource       : HikariPool-1 - Shutdown completed.
2025-04-01T20:41:48.381+05:30  INFO 15980 --- [EmployeeManagement] [main] c.d.e.EmployeeManagementApplication      : Starting EmployeeManagementApplication using Java 23.0.2 with PID 15980 (D:\Incture\Esclipse\EmployeeManagement\target\classes started by kittu in D:\Incture\Esclipse\EmployeeManagement)
2025-04-01T20:41:48.384+05:30  INFO 15980 --- [EmployeeManagement] [main] c.d.e.EmployeeManagementApplication      : No active profile set, falling back to 1 default profile: "default"
2025-04-01T20:41:48.918+05:30  INFO 15980 --- [EmployeeManagement] [main] .s.d.r.c.RepositoryConfigurationDelegate : Bootstrapping Spring Data JPA repositories in DEFAULT mode.
2025-04-01T20:41:48.967+05:30  INFO 15980 --- [EmployeeManagement] [main] .s.d.r.c.RepositoryConfigurationDelegate : Finished Spring Data repository scanning in 41 ms. Found 3 JPA repository interfaces.
2025-04-01T20:41:49.326+05:30  INFO 15980 --- [EmployeeManagement] [main] o.s.b.w.embedded.tomcat.TomcatWebServer  : Tomcat initialized with port 8080 (http)
2025-04-01T20:41:49.337+05:30  INFO 15980 --- [EmployeeManagement] [main] o.apache.catalina.core.StandardService   : Starting service [Tomcat]
2025-04-01T20:41:49.338+05:30  INFO 15980 --- [EmployeeManagement] [main] o.apache.catalina.core.StandardEngine    : Starting Servlet engine: [Apache Tomcat/10.1.39]
2025-04-01T20:41:49.388+05:30  INFO 15980 --- [EmployeeManagement] [main] o.a.c.c.C.[Tomcat].[localhost].[/]       : Initializing Spring embedded WebApplicationContext
2025-04-01T20:41:49.388+05:30  INFO 15980 --- [EmployeeManagement] [main] w.s.c.ServletWebServerApplicationContext : Root WebApplicationContext: initialization completed in 954 ms
2025-04-01T20:41:49.513+05:30  INFO 15980 --- [EmployeeManagement] [main] o.hibernate.jpa.internal.util.LogHelper  : HHH000204: Processing PersistenceUnitInfo [name: default]
2025-04-01T20:41:49.550+05:30  INFO 15980 --- [EmployeeManagement] [main] org.hibernate.Version                    : HHH000412: Hibernate ORM core version 6.6.11.Final
2025-04-01T20:41:49.574+05:30  INFO 15980 --- [EmployeeManagement] [main] o.h.c.internal.RegionFactoryInitiator    : HHH000026: Second-level cache disabled
