2025-04-02T21:04:35.930+05:30  INFO 24432 --- [EmployeeManagement] [main] c.d.e.EmployeeManagementApplication      : Starting EmployeeManagementApplication using Java 23.0.2 with PID 24432 (D:\Incture\Esclipse\EmployeeManagement\target\classes started by kittu in D:\Incture\Esclipse\EmployeeManagement)
2025-04-02T21:04:35.934+05:30  INFO 24432 --- [EmployeeManagement] [main] c.d.e.EmployeeManagementApplication      : No active profile set, falling back to 1 default profile: "default"
2025-04-02T21:04:36.494+05:30  INFO 24432 --- [EmployeeManagement] [main] .s.d.r.c.RepositoryConfigurationDelegate : Bootstrapping Spring Data JPA repositories in DEFAULT mode.
2025-04-02T21:04:36.551+05:30  INFO 24432 --- [EmployeeManagement] [main] .s.d.r.c.RepositoryConfigurationDelegate : Finished Spring Data repository scanning in 49 ms. Found 3 JPA repository interfaces.
2025-04-02T21:04:36.960+05:30  INFO 24432 --- [EmployeeManagement] [main] o.s.b.w.embedded.tomcat.TomcatWebServer  : Tomcat initialized with port 8080 (http)
2025-04-02T21:04:36.972+05:30  INFO 24432 --- [EmployeeManagement] [main] o.apache.catalina.core.StandardService   : Starting service [Tomcat]
2025-04-02T21:04:36.972+05:30  INFO 24432 --- [EmployeeManagement] [main] o.apache.catalina.core.StandardEngine    : Starting Servlet engine: [Apache Tomcat/10.1.39]
2025-04-02T21:04:37.017+05:30  INFO 24432 --- [EmployeeManagement] [main] o.a.c.c.C.[Tomcat].[localhost].[/]       : Initializing Spring embedded WebApplicationContext
2025-04-02T21:04:37.017+05:30  INFO 24432 --- [EmployeeManagement] [main] w.s.c.ServletWebServerApplicationContext : Root WebApplicationContext: initialization completed in 1032 ms
2025-04-02T21:04:37.136+05:30  INFO 24432 --- [EmployeeManagement] [main] o.hibernate.jpa.internal.util.LogHelper  : HHH000204: Processing PersistenceUnitInfo [name: default]
2025-04-02T21:04:37.174+05:30  INFO 24432 --- [EmployeeManagement] [main] org.hibernate.Version                    : HHH000412: Hibernate ORM core version 6.6.11.Final
2025-04-02T21:04:37.201+05:30  INFO 24432 --- [EmployeeManagement] [main] o.h.c.internal.RegionFactoryInitiator    : HHH000026: Second-level cache disabled
2025-04-02T21:04:37.393+05:30  INFO 24432 --- [EmployeeManagement] [main] o.s.o.j.p.SpringPersistenceUnitInfo      : No LoadTimeWeaver setup: ignoring JPA class transformer
2025-04-02T21:04:37.416+05:30  INFO 24432 --- [EmployeeManagement] [main] com.zaxxer.hikari.HikariDataSource       : HikariPool-1 - Starting...
2025-04-02T21:04:37.730+05:30  INFO 24432 --- [EmployeeManagement] [main] com.zaxxer.hikari.pool.HikariPool        : HikariPool-1 - Added connection com.mysql.cj.jdbc.ConnectionImpl@4d065e1a
2025-04-02T21:04:37.732+05:30  INFO 24432 --- [EmployeeManagement] [main] com.zaxxer.hikari.HikariDataSource       : HikariPool-1 - Start completed.
2025-04-02T21:04:37.777+05:30  WARN 24432 --- [EmployeeManagement] [main] org.hibernate.orm.deprecation            : HHH90000025: MySQLDialect does not need to be specified explicitly using 'hibernate.dialect' (remove the property setting and it will be selected by default)
2025-04-02T21:04:37.793+05:30  INFO 24432 --- [EmployeeManagement] [main] org.hibernate.orm.connections.pooling    : HHH10001005: Database info:
	Database JDBC URL [Connecting through datasource 'HikariDataSource (HikariPool-1)']
	Database driver: undefined/unknown
	Database version: 8.0.41
	Autocommit mode: undefined/unknown
	Isolation level: undefined/unknown
	Minimum pool size: undefined/unknown
	Maximum pool size: undefined/unknown
2025-04-02T21:04:38.480+05:30  INFO 24432 --- [EmployeeManagement] [main] o.h.e.t.j.p.i.JtaPlatformInitiator       : HHH000489: No JTA platform available (set 'hibernate.transaction.jta.platform' to enable JTA platform integration)
2025-04-02T21:04:38.536+05:30  INFO 24432 --- [EmployeeManagement] [main] j.LocalContainerEntityManagerFactoryBean : Initialized JPA EntityManagerFactory for persistence unit 'default'
2025-04-02T21:04:38.815+05:30  WARN 24432 --- [EmployeeManagement] [main] JpaBaseConfiguration$JpaWebConfiguration : spring.jpa.open-in-view is enabled by default. Therefore, database queries may be performed during view rendering. Explicitly configure spring.jpa.open-in-view to disable this warning
2025-04-02T21:04:38.842+05:30  INFO 24432 --- [EmployeeManagement] [main] r$InitializeUserDetailsManagerConfigurer : Global AuthenticationManager configured with UserDetailsService bean with name userDetailServiceImplementation
2025-04-02T21:04:39.239+05:30  INFO 24432 --- [EmployeeManagement] [main] o.s.b.w.embedded.tomcat.TomcatWebServer  : Tomcat started on port 8080 (http) with context path '/'
2025-04-02T21:04:39.247+05:30  INFO 24432 --- [EmployeeManagement] [main] c.d.e.EmployeeManagementApplication      : Started EmployeeManagementApplication in 3.658 seconds (process running for 4.193)
2025-04-02T21:04:42.014+05:30  INFO 24432 --- [EmployeeManagement] [http-nio-8080-exec-2] o.a.c.c.C.[Tomcat].[localhost].[/]       : Initializing Spring DispatcherServlet 'dispatcherServlet'
2025-04-02T21:04:42.014+05:30  INFO 24432 --- [EmployeeManagement] [http-nio-8080-exec-2] o.s.web.servlet.DispatcherServlet        : Initializing Servlet 'dispatcherServlet'
