2025-04-05T03:04:52.485+05:30  INFO 24412 --- [EmployeeManagement] [http-nio-8080-exec-3] c.d.e.service.UserService                : Fetching user by email: admin1@gmail.com
2025-04-05T03:04:52.831+05:30  INFO 24412 --- [EmployeeManagement] [http-nio-8080-exec-3] c.d.e.controller.UserRoleController      : Adding role ID 103 to user ID 20
2025-04-05T03:04:52.831+05:30  INFO 24412 --- [EmployeeManagement] [http-nio-8080-exec-3] c.d.e.service.UserRoleService            : Attempting to add role (ID: 103) to user (ID: 20)
2025-04-05T03:04:52.839+05:30 ERROR 24412 --- [EmployeeManagement] [http-nio-8080-exec-3] c.d.e.service.UserRoleService            : Failed to add role to user - User ID: 20, Role ID: 103
2025-04-05T03:06:12.962+05:30  INFO 24412 --- [EmployeeManagement] [http-nio-8080-exec-7] c.d.e.service.UserService                : Fetching user by email: admin1@gmail.com
2025-04-05T03:06:13.294+05:30  INFO 24412 --- [EmployeeManagement] [http-nio-8080-exec-7] c.d.e.controller.RoleController          : Adding new role: ROLE_INTERN
2025-04-05T03:06:13.294+05:30  INFO 24412 --- [EmployeeManagement] [http-nio-8080-exec-7] c.d.e.service.RoleService                : Adding new role: ROLE_INTERN
2025-04-05T03:06:29.450+05:30  INFO 24412 --- [EmployeeManagement] [http-nio-8080-exec-6] c.d.e.service.UserService                : Fetching user by email: admin1@gmail.com
2025-04-05T03:06:29.779+05:30  INFO 24412 --- [EmployeeManagement] [http-nio-8080-exec-6] c.d.e.controller.UserRoleController      : Adding role ID 105 to user ID 10
2025-04-05T03:06:29.779+05:30  INFO 24412 --- [EmployeeManagement] [http-nio-8080-exec-6] c.d.e.service.UserRoleService            : Attempting to add role (ID: 105) to user (ID: 10)
2025-04-05T03:09:02.556+05:30  INFO 24412 --- [EmployeeManagement] [http-nio-8080-exec-10] c.d.e.service.UserService                : Fetching user by email: admin1@gmail.com
2025-04-05T03:09:02.885+05:30  INFO 24412 --- [EmployeeManagement] [http-nio-8080-exec-10] c.d.e.controller.UserRoleController      : Deleting role ID 105 from user ID 10
2025-04-05T03:09:02.885+05:30  INFO 24412 --- [EmployeeManagement] [http-nio-8080-exec-10] c.d.e.service.UserRoleService            : Attempting to remove role (ID: 105) from user (ID: 10)
2025-04-05T03:23:09.398+05:30  INFO 24412 --- [EmployeeManagement] [http-nio-8080-exec-3] c.d.e.service.UserService                : Fetching user by email: user1@gmail.com
2025-04-05T03:23:09.725+05:30  INFO 24412 --- [EmployeeManagement] [http-nio-8080-exec-3] c.d.e.controller.UserController          : Fetching user with email: user1@gmail.com
2025-04-05T03:23:09.726+05:30  INFO 24412 --- [EmployeeManagement] [http-nio-8080-exec-3] c.d.e.service.UserService                : Fetching user by email: user1@gmail.com
2025-04-05T03:23:09.894+05:30  INFO 24412 --- [EmployeeManagement] [http-nio-8080-exec-5] c.d.e.service.UserService                : Fetching user by email: user1@gmail.com
2025-04-05T03:23:10.240+05:30  INFO 24412 --- [EmployeeManagement] [http-nio-8080-exec-5] c.d.e.controller.EmployeeController      : Fetching all employees
2025-04-05T03:23:10.241+05:30  INFO 24412 --- [EmployeeManagement] [http-nio-8080-exec-5] c.d.e.service.EmployeeService            : Fetching all employees
2025-04-05T03:23:10.251+05:30  INFO 24412 --- [EmployeeManagement] [http-nio-8080-exec-7] c.d.e.service.UserService                : Fetching user by email: user1@gmail.com
2025-04-05T03:23:10.582+05:30  INFO 24412 --- [EmployeeManagement] [http-nio-8080-exec-7] c.d.e.controller.EmployeeController      : Fetching all employees
2025-04-05T03:23:10.583+05:30  INFO 24412 --- [EmployeeManagement] [http-nio-8080-exec-7] c.d.e.service.EmployeeService            : Fetching all employees
2025-04-05T03:23:38.973+05:30  INFO 24412 --- [EmployeeManagement] [http-nio-8080-exec-6] c.d.e.service.UserService                : Fetching user by email: user1@gmail.com
2025-04-05T03:23:39.322+05:30  INFO 24412 --- [EmployeeManagement] [http-nio-8080-exec-6] c.d.e.controller.EmployeeController      : Fetching all employees
2025-04-05T03:23:39.322+05:30  INFO 24412 --- [EmployeeManagement] [http-nio-8080-exec-6] c.d.e.service.EmployeeService            : Fetching all employees
2025-04-05T03:23:39.331+05:30  INFO 24412 --- [EmployeeManagement] [http-nio-8080-exec-9] c.d.e.service.UserService                : Fetching user by email: user1@gmail.com
2025-04-05T03:23:39.669+05:30  INFO 24412 --- [EmployeeManagement] [http-nio-8080-exec-9] c.d.e.controller.EmployeeController      : Fetching all employees
2025-04-05T03:23:39.670+05:30  INFO 24412 --- [EmployeeManagement] [http-nio-8080-exec-9] c.d.e.service.EmployeeService            : Fetching all employees
2025-04-05T03:23:42.767+05:30  INFO 24412 --- [EmployeeManagement] [http-nio-8080-exec-8] c.d.e.service.UserService                : Fetching user by email: user1@gmail.com
2025-04-05T03:23:43.109+05:30  INFO 24412 --- [EmployeeManagement] [http-nio-8080-exec-8] c.d.e.controller.EmployeeController      : Fetching all employees
2025-04-05T03:23:43.109+05:30  INFO 24412 --- [EmployeeManagement] [http-nio-8080-exec-8] c.d.e.service.EmployeeService            : Fetching all employees
